<?xml version="1.0" encoding="UTF-8"?>
<!-- Generated by org.testng.reporters.JUnitReportReporter -->
<testsuite skipped="0" hostname="DESKTOP-HI8AOB0" name="org.example.testRun.Run" tests="12" failures="0" timestamp="2022-12-15T02:49:11 EET" time="125.401" errors="0">
  <testcase name="runScenario" time="8.514" classname="org.example.testRun.Run"/>
  <system-out/>
  <testcase name="runScenario" time="7.969" classname="org.example.testRun.Run"/>
  <system-out/>
  <testcase name="runScenario" time="8.002" classname="org.example.testRun.Run"/>
  <system-out/>
  <testcase name="runScenario" time="7.607" classname="org.example.testRun.Run"/>
  <system-out/>
  <testcase name="runScenario" time="9.522" classname="org.example.testRun.Run"/>
  <system-out/>
  <testcase name="runScenario" time="9.419" classname="org.example.testRun.Run"/>
  <system-out/>
  <testcase name="runScenario" time="11.532" classname="org.example.testRun.Run"/>
  <system-out/>
  <testcase name="runScenario" time="9.606" classname="org.example.testRun.Run"/>
  <system-out/>
  <testcase name="runScenario" time="9.494" classname="org.example.testRun.Run"/>
  <system-out/>
  <testcase name="runScenario" time="7.409" classname="org.example.testRun.Run"/>
  <system-out/>
  <testcase name="runScenario" time="27.330" classname="org.example.testRun.Run"/>
  <system-out/>
  <testcase name="runScenario" time="8.997" classname="org.example.testRun.Run"/>
  <system-out/>
</testsuite> <!-- org.example.testRun.Run -->
