<?xml version="1.0" encoding="UTF-8"?>
<!-- Generated by org.testng.reporters.JUnitReportReporter -->
<testsuite skipped="0" hostname="DESKTOP-HI8AOB0" name="org.example.testRun.Run" tests="1" failures="0" timestamp="2022-12-11T01:29:35 EET" time="9.448" errors="0">
  <testcase name="runScenario" time="9.448" classname="org.example.testRun.Run"/>
  <system-out/>
</testsuite> <!-- org.example.testRun.Run -->
